Build started 7/8/2016 1:01:10 PM.
     1>Project "c:\Users\jahagirdar\documents\visual studio 2010\Projects\CRCRec\CRCRec\CRCRec.vcxproj" on node 2 (rebuild target(s)).
     1>_PrepareForClean:
         Deleting file "Debug\CRCRec.lastbuildstate".
       InitializeBuildStatus:
         Creating "Debug\CRCRec.unsuccessfulbuild" because "AlwaysCreate" was specified.
       ClCompile:
         C:\Program Files\Microsoft Visual Studio 10.0\VC\bin\CL.exe /c /ZI /nologo /W3 /WX- /Od /Oy- /D WIN32 /D _DEBUG /D _CONSOLE /D _UNICODE /D UNICODE /Gm /EHsc /RTC1 /MDd /GS /fp:precise /Zc:wchar_t /Zc:forScope /Fo"Debug\\" /Fd"Debug\vc100.pdb" /Gd /TP /analyze- /errorReport:prompt main.cpp
         main.cpp
     1>c:\users\jahagirdar\documents\visual studio 2010\projects\crcrec\crcrec\main.cpp(55): warning C4996: 'fopen': This function or variable may be unsafe. Consider using fopen_s instead. To disable deprecation, use _CRT_SECURE_NO_WARNINGS. See online help for details.
                 c:\program files\microsoft visual studio 10.0\vc\include\stdio.h(234) : see declaration of 'fopen'
     1>c:\users\jahagirdar\documents\visual studio 2010\projects\crcrec\crcrec\main.cpp(95): warning C4996: 'fopen': This function or variable may be unsafe. Consider using fopen_s instead. To disable deprecation, use _CRT_SECURE_NO_WARNINGS. See online help for details.
                 c:\program files\microsoft visual studio 10.0\vc\include\stdio.h(234) : see declaration of 'fopen'
     1>c:\users\jahagirdar\documents\visual studio 2010\projects\crcrec\crcrec\main.cpp(101): warning C4996: 'fopen': This function or variable may be unsafe. Consider using fopen_s instead. To disable deprecation, use _CRT_SECURE_NO_WARNINGS. See online help for details.
                 c:\program files\microsoft visual studio 10.0\vc\include\stdio.h(234) : see declaration of 'fopen'
     1>c:\users\jahagirdar\documents\visual studio 2010\projects\crcrec\crcrec\main.cpp(150): warning C4996: 'gets': This function or variable may be unsafe. Consider using gets_s instead. To disable deprecation, use _CRT_SECURE_NO_WARNINGS. See online help for details.
                 c:\program files\microsoft visual studio 10.0\vc\include\stdio.h(277) : see declaration of 'gets'
     1>c:\users\jahagirdar\documents\visual studio 2010\projects\crcrec\crcrec\main.cpp(172): warning C4996: 'gets': This function or variable may be unsafe. Consider using gets_s instead. To disable deprecation, use _CRT_SECURE_NO_WARNINGS. See online help for details.
                 c:\program files\microsoft visual studio 10.0\vc\include\stdio.h(277) : see declaration of 'gets'
       ManifestResourceCompile:
         C:\Program Files\Microsoft SDKs\Windows\v7.0A\bin\rc.exe /nologo /fo"Debug\CRCRec.exe.embed.manifest.res" Debug\CRCRec_manifest.rc 
       Link:
         C:\Program Files\Microsoft Visual Studio 10.0\VC\bin\link.exe /ERRORREPORT:PROMPT /OUT:"c:\users\jahagirdar\documents\visual studio 2010\Projects\CRCRec\Debug\CRCRec.exe" /INCREMENTAL /NOLOGO kernel32.lib user32.lib gdi32.lib winspool.lib comdlg32.lib advapi32.lib shell32.lib ole32.lib oleaut32.lib uuid.lib odbc32.lib odbccp32.lib /MANIFEST /ManifestFile:"Debug\CRCRec.exe.intermediate.manifest" /MANIFESTUAC:"level='asInvoker' uiAccess='false'" /DEBUG /PDB:"c:\users\jahagirdar\documents\visual studio 2010\Projects\CRCRec\Debug\CRCRec.pdb" /SUBSYSTEM:CONSOLE /TLBID:1 /DYNAMICBASE /NXCOMPAT /IMPLIB:"c:\users\jahagirdar\documents\visual studio 2010\Projects\CRCRec\Debug\CRCRec.lib" /MACHINE:X86 Debug\CRCRec.exe.embed.manifest.res
         Debug\main.obj
         ..\..\..\..\..\Desktop\FastCRC\FastCRC.lib
       Manifest:
         Deleting file "Debug\CRCRec.exe.embed.manifest".
         C:\Program Files\Microsoft SDKs\Windows\v7.0A\bin\mt.exe /nologo /verbose /out:"Debug\CRCRec.exe.embed.manifest" /manifest Debug\CRCRec.exe.intermediate.manifest
         C:\Program Files\Microsoft SDKs\Windows\v7.0A\bin\rc.exe /nologo /fo"Debug\CRCRec.exe.embed.manifest.res" Debug\CRCRec_manifest.rc 
       LinkEmbedManifest:
         C:\Program Files\Microsoft Visual Studio 10.0\VC\bin\link.exe /ERRORREPORT:PROMPT /OUT:"c:\users\jahagirdar\documents\visual studio 2010\Projects\CRCRec\Debug\CRCRec.exe" /INCREMENTAL /NOLOGO kernel32.lib user32.lib gdi32.lib winspool.lib comdlg32.lib advapi32.lib shell32.lib ole32.lib oleaut32.lib uuid.lib odbc32.lib odbccp32.lib /MANIFEST /ManifestFile:"Debug\CRCRec.exe.intermediate.manifest" /MANIFESTUAC:"level='asInvoker' uiAccess='false'" /DEBUG /PDB:"c:\users\jahagirdar\documents\visual studio 2010\Projects\CRCRec\Debug\CRCRec.pdb" /SUBSYSTEM:CONSOLE /TLBID:1 /DYNAMICBASE /NXCOMPAT /IMPLIB:"c:\users\jahagirdar\documents\visual studio 2010\Projects\CRCRec\Debug\CRCRec.lib" /MACHINE:X86 Debug\CRCRec.exe.embed.manifest.res
         Debug\main.obj
         ..\..\..\..\..\Desktop\FastCRC\FastCRC.lib
         CRCRec.vcxproj -> c:\users\jahagirdar\documents\visual studio 2010\Projects\CRCRec\Debug\CRCRec.exe
       FinalizeBuildStatus:
         Deleting file "Debug\CRCRec.unsuccessfulbuild".
         Touching "Debug\CRCRec.lastbuildstate".
     1>Done Building Project "c:\Users\jahagirdar\documents\visual studio 2010\Projects\CRCRec\CRCRec\CRCRec.vcxproj" (rebuild target(s)).

Build succeeded.

Time Elapsed 00:00:00.76
