c:\Users\jahagirdar\documents\visual studio 2010\Projects\CRCRec\CRCRec\Debug\cl.command.1.tlog
c:\Users\jahagirdar\documents\visual studio 2010\Projects\CRCRec\CRCRec\Debug\CL.read.1.tlog
c:\Users\jahagirdar\documents\visual studio 2010\Projects\CRCRec\CRCRec\Debug\CL.write.1.tlog
C:\USERS\JAHAGIRDAR\DOCUMENTS\VISUAL STUDIO 2010\PROJECTS\CRCREC\CRCREC\DEBUG\CRCREC.EXE.EMBED.MANIFEST
C:\USERS\JAHAGIRDAR\DOCUMENTS\VISUAL STUDIO 2010\PROJECTS\CRCREC\CRCREC\DEBUG\CRCREC.EXE.EMBED.MANIFEST.RES
C:\USERS\JAHAGIRDAR\DOCUMENTS\VISUAL STUDIO 2010\PROJECTS\CRCREC\CRCREC\DEBUG\CRCREC.EXE.INTERMEDIATE.MANIFEST
c:\Users\jahagirdar\documents\visual studio 2010\Projects\CRCRec\CRCRec\Debug\CRCRec.write.1.tlog
c:\Users\jahagirdar\documents\visual studio 2010\Projects\CRCRec\CRCRec\Debug\CRCRec_manifest.rc
c:\Users\jahagirdar\documents\visual studio 2010\Projects\CRCRec\CRCRec\Debug\link.7880.read.1.tlog
c:\Users\jahagirdar\documents\visual studio 2010\Projects\CRCRec\CRCRec\Debug\link.7880.write.1.tlog
c:\Users\jahagirdar\documents\visual studio 2010\Projects\CRCRec\CRCRec\Debug\link.7880-cvtres.read.1.tlog
c:\Users\jahagirdar\documents\visual studio 2010\Projects\CRCRec\CRCRec\Debug\link.7880-cvtres.write.1.tlog
c:\Users\jahagirdar\documents\visual studio 2010\Projects\CRCRec\CRCRec\Debug\link.command.1.tlog
c:\Users\jahagirdar\documents\visual studio 2010\Projects\CRCRec\CRCRec\Debug\link.read.1.tlog
c:\Users\jahagirdar\documents\visual studio 2010\Projects\CRCRec\CRCRec\Debug\link.write.1.tlog
c:\Users\jahagirdar\documents\visual studio 2010\Projects\CRCRec\CRCRec\Debug\link-cvtres.read.1.tlog
c:\Users\jahagirdar\documents\visual studio 2010\Projects\CRCRec\CRCRec\Debug\link-cvtres.write.1.tlog
C:\USERS\JAHAGIRDAR\DOCUMENTS\VISUAL STUDIO 2010\PROJECTS\CRCREC\CRCREC\DEBUG\MAIN.OBJ
c:\Users\jahagirdar\documents\visual studio 2010\Projects\CRCRec\CRCRec\Debug\mt.command.1.tlog
c:\Users\jahagirdar\documents\visual studio 2010\Projects\CRCRec\CRCRec\Debug\mt.read.1.tlog
c:\Users\jahagirdar\documents\visual studio 2010\Projects\CRCRec\CRCRec\Debug\mt.write.1.tlog
c:\Users\jahagirdar\documents\visual studio 2010\Projects\CRCRec\CRCRec\Debug\rc.command.1.tlog
c:\Users\jahagirdar\documents\visual studio 2010\Projects\CRCRec\CRCRec\Debug\rc.read.1.tlog
c:\Users\jahagirdar\documents\visual studio 2010\Projects\CRCRec\CRCRec\Debug\rc.write.1.tlog
c:\Users\jahagirdar\documents\visual studio 2010\Projects\CRCRec\CRCRec\Debug\vc100.idb
C:\USERS\JAHAGIRDAR\DOCUMENTS\VISUAL STUDIO 2010\PROJECTS\CRCREC\CRCREC\DEBUG\VC100.PDB
C:\USERS\JAHAGIRDAR\DOCUMENTS\VISUAL STUDIO 2010\PROJECTS\CRCREC\DEBUG\CRCREC.EXE
C:\USERS\JAHAGIRDAR\DOCUMENTS\VISUAL STUDIO 2010\PROJECTS\CRCREC\DEBUG\CRCREC.ILK
C:\USERS\JAHAGIRDAR\DOCUMENTS\VISUAL STUDIO 2010\PROJECTS\CRCREC\DEBUG\CRCREC.PDB
